Library/Bee/Android/Prj/IL2CPP/Gradle/launcher/build/intermediates/manifest_merge_blame_file/debug/manifest-merger-blame-debug-report.txt
1<?xml version="1.0" encoding="utf-8"?>
2<manifest xmlns:android="http://schemas.android.com/apk/res/android"
3    package="com.DefaultCompany.MRTK3QuestTest"
4    android:installLocation="auto"
5    android:versionCode="1"
6    android:versionName="0.1" >
7
8    <uses-sdk
9        android:minSdkVersion="29"
9-->src\main\AndroidManifest.xml
10        android:targetSdkVersion="32" />
10-->src\main\AndroidManifest.xml
11
12    <supports-screens
12-->src\main\AndroidManifest.xml:4:3-163
13        android:anyDensity="true"
13-->src\main\AndroidManifest.xml:4:135-160
14        android:largeScreens="true"
14-->src\main\AndroidManifest.xml:4:78-105
15        android:normalScreens="true"
15-->src\main\AndroidManifest.xml:4:49-77
16        android:smallScreens="true"
16-->src\main\AndroidManifest.xml:4:21-48
17        android:xlargeScreens="true" />
17-->src\main\AndroidManifest.xml:4:106-134
18
19    <uses-permission android:name="com.oculus.permission.HAND_TRACKING" />
19-->[:unityLibrary] AndroidManifest.xml:10:5-75
19-->[:unityLibrary] AndroidManifest.xml:10:22-72
20    <uses-permission android:name="android.permission.INTERNET" />
20-->[:unityLibrary] AndroidManifest.xml:11:5-67
20-->[:unityLibrary] AndroidManifest.xml:11:22-64
21    <uses-permission android:name="android.permission.ACCESS_NETWORK_STATE" />
21-->[:unityLibrary] AndroidManifest.xml:12:5-79
21-->[:unityLibrary] AndroidManifest.xml:12:22-76
22    <uses-permission android:name="android.permission.RECORD_AUDIO" />
22-->[:unityLibrary] AndroidManifest.xml:13:5-71
22-->[:unityLibrary] AndroidManifest.xml:13:22-68
23    <uses-permission android:name="android.permission.MODIFY_AUDIO_SETTINGS" />
23-->[:unityLibrary] AndroidManifest.xml:14:5-80
23-->[:unityLibrary] AndroidManifest.xml:14:22-77
24
25    <uses-feature
25-->[:unityLibrary] AndroidManifest.xml:16:5-19:31
26        android:name="android.hardware.vr.headtracking"
26-->[:unityLibrary] AndroidManifest.xml:17:9-56
27        android:required="true"
27-->[:unityLibrary] AndroidManifest.xml:18:9-32
28        android:version="1" />
28-->[:unityLibrary] AndroidManifest.xml:19:9-28
29    <uses-feature
29-->[:unityLibrary] AndroidManifest.xml:20:5-22:36
30        android:name="oculus.software.handtracking"
30-->[:unityLibrary] AndroidManifest.xml:21:9-52
31        android:required="false" />
31-->[:unityLibrary] AndroidManifest.xml:22:9-33
32    <uses-feature
32-->[:unityLibrary] AndroidManifest.xml:23:5-25:35
33        android:name="android.hardware.vulkan.version"
33-->[:unityLibrary] AndroidManifest.xml:24:9-55
34        android:required="true" />
34-->[:unityLibrary] AndroidManifest.xml:25:9-32
35    <uses-feature
35-->[:unityLibrary] AndroidManifest.xml:26:5-28:36
36        android:name="android.hardware.microphone"
36-->[:unityLibrary] AndroidManifest.xml:27:9-51
37        android:required="false" />
37-->[:unityLibrary] AndroidManifest.xml:28:9-33
38    <uses-feature
38-->[:unityLibrary] AndroidManifest.xml:29:5-31:36
39        android:name="android.hardware.touchscreen"
39-->[:unityLibrary] AndroidManifest.xml:30:9-52
40        android:required="false" />
40-->[:unityLibrary] AndroidManifest.xml:31:9-33
41    <uses-feature
41-->[:unityLibrary] AndroidManifest.xml:32:5-34:36
42        android:name="android.hardware.touchscreen.multitouch"
42-->[:unityLibrary] AndroidManifest.xml:33:9-63
43        android:required="false" />
43-->[:unityLibrary] AndroidManifest.xml:34:9-33
44    <uses-feature
44-->[:unityLibrary] AndroidManifest.xml:35:5-37:36
45        android:name="android.hardware.touchscreen.multitouch.distinct"
45-->[:unityLibrary] AndroidManifest.xml:36:9-72
46        android:required="false" />
46-->[:unityLibrary] AndroidManifest.xml:37:9-33
47
48    <application
48-->src\main\AndroidManifest.xml:3:3-83
49        android:allowBackup="false"
49-->[:unityLibrary] AndroidManifest.xml:40:9-36
50        android:debuggable="true"
51        android:extractNativeLibs="true"
51-->[:unityLibrary] AndroidManifest.xml:41:9-41
52        android:icon="@mipmap/app_icon"
52-->src\main\AndroidManifest.xml:3:49-80
53        android:label="@string/app_name"
53-->src\main\AndroidManifest.xml:3:16-48
54        android:networkSecurityConfig="@xml/network_sec_config" >
54-->[:unityLibrary] AndroidManifest.xml:44:9-64
55        <meta-data
55-->[:unityLibrary] AndroidManifest.xml:45:9-47:37
56            android:name="unityplayer.SkipPermissionsDialog"
56-->[:unityLibrary] AndroidManifest.xml:46:13-61
57            android:value="false" />
57-->[:unityLibrary] AndroidManifest.xml:47:13-34
58        <meta-data
58-->[:unityLibrary] AndroidManifest.xml:48:9-50:39
59            android:name="com.samsung.android.vr.application.mode"
59-->[:unityLibrary] AndroidManifest.xml:49:13-67
60            android:value="vr_only" />
60-->[:unityLibrary] AndroidManifest.xml:50:13-36
61        <meta-data
61-->[:unityLibrary] AndroidManifest.xml:51:9-53:35
62            android:name="com.oculus.handtracking.frequency"
62-->[:unityLibrary] AndroidManifest.xml:52:13-61
63            android:value="LOW" />
63-->[:unityLibrary] AndroidManifest.xml:53:13-32
64        <meta-data
64-->[:unityLibrary] AndroidManifest.xml:54:9-56:40
65            android:name="com.oculus.supportedDevices"
65-->[:unityLibrary] AndroidManifest.xml:55:13-55
66            android:value="questpro" />
66-->[:unityLibrary] AndroidManifest.xml:56:13-37
67        <meta-data
67-->[:unityLibrary] AndroidManifest.xml:57:9-59:33
68            android:name="unity.splash-mode"
68-->[:unityLibrary] AndroidManifest.xml:58:13-45
69            android:value="0" />
69-->[:unityLibrary] AndroidManifest.xml:59:13-30
70        <meta-data
70-->[:unityLibrary] AndroidManifest.xml:60:9-62:36
71            android:name="unity.splash-enable"
71-->[:unityLibrary] AndroidManifest.xml:61:13-47
72            android:value="True" />
72-->[:unityLibrary] AndroidManifest.xml:62:13-33
73        <meta-data
73-->[:unityLibrary] AndroidManifest.xml:63:9-65:36
74            android:name="unity.launch-fullscreen"
74-->[:unityLibrary] AndroidManifest.xml:64:13-51
75            android:value="True" />
75-->[:unityLibrary] AndroidManifest.xml:65:13-33
76        <meta-data
76-->[:unityLibrary] AndroidManifest.xml:66:9-68:37
77            android:name="unity.allow-resizable-window"
77-->[:unityLibrary] AndroidManifest.xml:67:13-56
78            android:value="False" />
78-->[:unityLibrary] AndroidManifest.xml:68:13-34
79        <meta-data
79-->[:unityLibrary] AndroidManifest.xml:69:9-71:50
80            android:name="notch.config"
80-->[:unityLibrary] AndroidManifest.xml:70:13-40
81            android:value="portrait|landscape" />
81-->[:unityLibrary] AndroidManifest.xml:71:13-47
82        <meta-data
82-->[:unityLibrary] AndroidManifest.xml:72:9-74:36
83            android:name="unity.auto-report-fully-drawn"
83-->[:unityLibrary] AndroidManifest.xml:73:13-57
84            android:value="true" />
84-->[:unityLibrary] AndroidManifest.xml:74:13-33
85
86        <activity
86-->[:unityLibrary] AndroidManifest.xml:76:9-99:20
87            android:name="com.unity3d.player.UnityPlayerActivity"
87-->[:unityLibrary] AndroidManifest.xml:77:13-66
88            android:configChanges="keyboard|keyboardHidden|navigation|orientation|screenLayout|screenSize|uiMode|density"
88-->[:unityLibrary] AndroidManifest.xml:78:13-122
89            android:excludeFromRecents="true"
89-->[:unityLibrary] AndroidManifest.xml:79:13-46
90            android:exported="true"
90-->[:unityLibrary] AndroidManifest.xml:80:13-36
91            android:hardwareAccelerated="false"
91-->[:unityLibrary] AndroidManifest.xml:81:13-48
92            android:launchMode="singleTask"
92-->[:unityLibrary] AndroidManifest.xml:82:13-44
93            android:resizeableActivity="false"
93-->[:unityLibrary] AndroidManifest.xml:83:13-47
94            android:screenOrientation="landscape"
94-->[:unityLibrary] AndroidManifest.xml:84:13-50
95            android:theme="@android:style/Theme.Black.NoTitleBar.Fullscreen" >
95-->[:unityLibrary] AndroidManifest.xml:85:13-77
96            <intent-filter>
96-->[:unityLibrary] AndroidManifest.xml:86:13-91:29
97                <category android:name="android.intent.category.LAUNCHER" />
97-->[:unityLibrary] AndroidManifest.xml:87:17-77
97-->[:unityLibrary] AndroidManifest.xml:87:27-74
98                <category android:name="com.oculus.intent.category.VR" />
98-->[:unityLibrary] AndroidManifest.xml:88:17-74
98-->[:unityLibrary] AndroidManifest.xml:88:27-71
99
100                <action android:name="android.intent.action.MAIN" />
100-->[:unityLibrary] AndroidManifest.xml:90:17-69
100-->[:unityLibrary] AndroidManifest.xml:90:25-66
101            </intent-filter>
102
103            <meta-data
103-->[:unityLibrary] AndroidManifest.xml:93:13-95:40
104                android:name="com.oculus.vr.focusaware"
104-->[:unityLibrary] AndroidManifest.xml:94:17-56
105                android:value="true" />
105-->[:unityLibrary] AndroidManifest.xml:95:17-37
106            <meta-data
106-->[:unityLibrary] AndroidManifest.xml:96:13-98:40
107                android:name="notch_support"
107-->[:unityLibrary] AndroidManifest.xml:97:17-45
108                android:value="true" />
108-->[:unityLibrary] AndroidManifest.xml:98:17-37
109        </activity>
110
111        <meta-data
111-->[:unityLibrary] AndroidManifest.xml:101:9-103:37
112            android:name="com.unity.xr.oculus.LowOverheadMode"
112-->[:unityLibrary] AndroidManifest.xml:102:13-63
113            android:value="false" />
113-->[:unityLibrary] AndroidManifest.xml:103:13-34
114        <meta-data
114-->[:unityLibrary] AndroidManifest.xml:104:9-106:37
115            android:name="com.unity.xr.oculus.LateLatching"
115-->[:unityLibrary] AndroidManifest.xml:105:13-60
116            android:value="false" />
116-->[:unityLibrary] AndroidManifest.xml:106:13-34
117        <meta-data
117-->[:unityLibrary] AndroidManifest.xml:107:9-109:37
118            android:name="com.unity.xr.oculus.LateLatchingDebug"
118-->[:unityLibrary] AndroidManifest.xml:108:13-65
119            android:value="false" />
119-->[:unityLibrary] AndroidManifest.xml:109:13-34
120    </application>
121
122</manifest>